1 10 68
100 300 11051
301 1000 45376
1001 1500 36167
1 1 1
10 10 7
100 100 26
1000 1000 112
10000 10000 30
100000 100000 129
999999 999999 259
1 2 2
12 34 112
123 456 144
1234 5678 238
12345 67890 340
111 222 125
333 444 134
555 666 145
777 888 179
1 999999 525
999999 500000 525
500000 250000 449
250000 125000 443
125000 61250 354
61250 30000 340
30000 15000 308
15000 7000 276
7000 3000 262
3000 1000 217
1000 500 179
421412 215892 449
21051 12580 279
12512 5250 268
25151 325732 443
1241 42189 324
242 4221 238
5698 125815 354
512 545 137
17 76 116
1136 982017 525
1010 101010 351
711473 886586 525
352147 452399 449
225291 573363 470
133834 579746 470
223983 813394 509
3453 22343 279
748079 874719 525
134895 276714 443
243312 673327 509
514167 655615 509
420849 608251 470
783285 955552 525
60272 175201 383
221474 834459 509
142067 824069 509
224597 740577 509
34567 34568 174
380288 832556 509
15348 553638 470
388868 556676 470
46982 886170 525
163788 416146 449
172215 486373 449
658506 879040 525
237166 319614 407
8165 625935 470
238052 329588 407
349083 585029 470
465129 944419 525
101131 759973 509
250776 455266 449
20959 424182 449
506952 833687 509
178467 393079 443
226525 453445 449
271511 339711 389
380656 625047 470
254395 256501 363
44146 763139 509
550859 998478 525
709843 975231 525
266306 401614 441
133337 980178 525
273131 918390 525
49448 798862 509
409299 580704 470
159632 181129 370
434699 730001 509
520486 664795 509
211782 415882 449
587979 897989 525
500000 1 449
50000 1 324
5000 1 238
500 1 144
50 1 112
5 1 8
111 150 1963
1004 3000 155228
3010 10000 633749
10000 15000 483259
111 150 1963
1004 3000 155228
3010 10000 633749
10000 15000 483259